[waldyd@waldyd Downloads]$ sudo rpm -ivh jdk-7u11-linux-i586.rpm 
Preparing...                ########################################### [100%]
   1:jdk                    ########################################### [100%]
Unpacking JAR files...
	rt.jar...
Error: Could not open input file: /usr/java/jdk1.7.0_11/jre/lib/rt.pack
	jsse.jar...
Error: Could not open input file: /usr/java/jdk1.7.0_11/jre/lib/jsse.pack
	charsets.jar...
Error: Could not open input file: /usr/java/jdk1.7.0_11/jre/lib/charsets.pack
	tools.jar...
Error: Could not open input file: /usr/java/jdk1.7.0_11/lib/tools.pack
	localedata.jar...
Error: Could not open input file: /usr/java/jdk1.7.0_11/jre/lib/ext/localedata.pack
	plugin.jar...
Error: Could not open input file: /usr/java/jdk1.7.0_11/jre/lib/plugin.pack
	javaws.jar...
Error: Could not open input file: /usr/java/jdk1.7.0_11/jre/lib/javaws.pack
	deploy.jar...
Error: Could not open input file: /usr/java/jdk1.7.0_11/jre/lib/deploy.pack

